<?xml version="1.0" encoding="UTF-8"?>
<!-- Generated by org.testng.reporters.JUnitXMLReporter -->
<testsuite ignored="0" hostname="Tulkin" failures="3" tests="3" name="Default test" time="0.651" errors="0" timestamp="2022-05-18T21:35:26 EDT">
  <testcase classname="io.cucumber.testng.AbstractTestNGCucumberTests" name="runScenario" time="0.081">
    <failure type="java.lang.NullPointerException">
      <![CDATA[java.lang.NullPointerException
at pageObjects.DemoShopHomePage.launch(DemoShopHomePage.java:37)
at com.demowebshop.step_definitions.LogIn.user_launches_demo_shop_home_page(LogIn.java:20)
at ✽.User launches DemoShop home page(file:///C:/Users/tulki/eclipse-workspace/MavenTest/src/test/resources/feature_files/DemoWebShopLogIn.feature:6)
]]>
    </failure>
  </testcase> <!-- runScenario -->
  <testcase classname="io.cucumber.testng.AbstractTestNGCucumberTests" name="runScenario" time="0.028">
    <failure type="java.lang.NullPointerException">
      <![CDATA[java.lang.NullPointerException
at pageObjects.DemoShopHomePage.launch(DemoShopHomePage.java:37)
at com.demowebshop.step_definitions.LogIn.user_launches_demo_shop_home_page(LogIn.java:20)
at ✽.User launches DemoShop home page(file:///C:/Users/tulki/eclipse-workspace/MavenTest/src/test/resources/feature_files/DemoWebShopLogIn.feature:18)
]]>
    </failure>
  </testcase> <!-- runScenario -->
  <testcase classname="io.cucumber.testng.AbstractTestNGCucumberTests" name="runScenario" time="0.017">
    <failure type="java.lang.NullPointerException">
      <![CDATA[java.lang.NullPointerException
at pageObjects.DemoShopHomePage.launch(DemoShopHomePage.java:37)
at com.demowebshop.step_definitions.Registration.user_launches_demo_shop_home_page(Registration.java:26)
at ✽.User launches DemoShop(file:///C:/Users/tulki/eclipse-workspace/MavenTest/src/test/resources/feature_files/DemoWebShop_Registration.feature:6)
]]>
    </failure>
  </testcase> <!-- runScenario -->
</testsuite> <!-- Default test -->
