<?xml version="1.0" encoding="UTF-8"?>
<!-- Generated by org.testng.reporters.JUnitReportReporter -->
<testsuite hostname="Tulkin" failures="0" tests="3" name="run_tests.TestRunner" time="0.126" errors="3" timestamp="2022-05-18T21:35:26 EDT" skipped="0">
  <testcase classname="run_tests.TestRunner" name="runScenario" time="0.081">
    <error type="java.lang.NullPointerException">
      <![CDATA[java.lang.NullPointerException
at pageObjects.DemoShopHomePage.launch(DemoShopHomePage.java:37)
at com.demowebshop.step_definitions.LogIn.user_launches_demo_shop_home_page(LogIn.java:20)
at ✽.User launches DemoShop home page(file:///C:/Users/tulki/eclipse-workspace/MavenTest/src/test/resources/feature_files/DemoWebShopLogIn.feature:6)
]]>
    </error>
  </testcase> <!-- runScenario -->
  <system-out/>
  <testcase classname="run_tests.TestRunner" name="runScenario" time="0.017">
    <error type="java.lang.NullPointerException">
      <![CDATA[java.lang.NullPointerException
at pageObjects.DemoShopHomePage.launch(DemoShopHomePage.java:37)
at com.demowebshop.step_definitions.Registration.user_launches_demo_shop_home_page(Registration.java:26)
at ✽.User launches DemoShop(file:///C:/Users/tulki/eclipse-workspace/MavenTest/src/test/resources/feature_files/DemoWebShop_Registration.feature:6)
]]>
    </error>
  </testcase> <!-- runScenario -->
  <system-out/>
  <testcase classname="run_tests.TestRunner" name="runScenario" time="0.028">
    <error type="java.lang.NullPointerException">
      <![CDATA[java.lang.NullPointerException
at pageObjects.DemoShopHomePage.launch(DemoShopHomePage.java:37)
at com.demowebshop.step_definitions.LogIn.user_launches_demo_shop_home_page(LogIn.java:20)
at ✽.User launches DemoShop home page(file:///C:/Users/tulki/eclipse-workspace/MavenTest/src/test/resources/feature_files/DemoWebShopLogIn.feature:18)
]]>
    </error>
  </testcase> <!-- runScenario -->
  <system-out/>
</testsuite> <!-- run_tests.TestRunner -->
